TN:
SF:src/database.ts
FNF:0
FNH:0
DA:3,1
DA:4,1
LF:2
LH:2
BRF:0
BRH:0
end_of_record
TN:
SF:src/repositories/recommendationRepository.ts
FN:5,create
FN:16,findAll
FN:26,getAmountByScore
FN:33,getFindAllFilter
FN:45,find
FN:51,findByName
FN:57,updateScore
FN:66,remove
FNF:8
FNH:2
FNDA:0,create
FNDA:1,findAll
FNDA:0,getAmountByScore
FNDA:1,getFindAllFilter
FNDA:0,find
FNDA:0,findByName
FNDA:0,updateScore
FNDA:0,remove
DA:6,0
DA:17,1
DA:19,1
DA:27,0
DA:36,1
DA:38,0
DA:40,0
DA:46,0
DA:52,0
DA:58,0
DA:67,0
DA:72,1
LF:12
LH:4
BRDA:36,0,0,1
BRF:1
BRH:1
end_of_record
TN:
SF:src/services/recommendationsService.ts
FN:7,insert
FN:17,upvote
FN:23,downvote
FN:36,getByIdOrFail
FN:43,get
FN:47,getTop
FN:51,getRandom
FN:64,getByScore
FN:77,getScoreFilter
FNF:9
FNH:9
FNDA:2,insert
FNDA:2,upvote
FNDA:3,downvote
FNDA:7,getByIdOrFail
FNDA:1,get
FNDA:1,getTop
FNDA:3,getRandom
FNDA:3,getByScore
FNDA:3,getScoreFilter
DA:8,2
DA:11,2
DA:12,1
DA:14,1
DA:18,2
DA:20,1
DA:24,3
DA:26,2
DA:31,2
DA:32,1
DA:37,7
DA:38,7
DA:40,4
DA:44,1
DA:48,1
DA:52,3
DA:53,3
DA:55,3
DA:56,3
DA:57,1
DA:60,2
DA:61,2
DA:65,3
DA:70,3
DA:71,2
DA:74,1
DA:78,3
DA:79,2
DA:82,1
DA:85,1
LF:30
LH:30
BRDA:11,0,0,1
BRDA:31,1,0,1
BRDA:38,2,0,3
BRDA:56,3,0,1
BRDA:70,4,0,2
BRDA:78,5,0,2
BRF:6
BRH:6
end_of_record
TN:
SF:src/utils/errorUtils.ts
FN:7,isAppError
FN:11,errorTypeToStatusCode
FN:19,conflictError
FN:23,notFoundError
FN:27,unauthorizedError
FN:31,wrongSchemaError
FNF:6
FNH:2
FNDA:0,isAppError
FNDA:0,errorTypeToStatusCode
FNDA:1,conflictError
FNDA:4,notFoundError
FNDA:0,unauthorizedError
FNDA:0,wrongSchemaError
DA:8,0
DA:12,0
DA:13,0
DA:14,0
DA:15,0
DA:16,0
DA:20,1
DA:24,4
DA:28,0
DA:32,0
LF:10
LH:2
BRDA:12,0,0,0
BRDA:13,1,0,0
BRDA:14,2,0,0
BRDA:15,3,0,0
BRDA:20,4,0,1
BRDA:20,4,1,0
BRDA:20,5,0,1
BRDA:20,5,1,1
BRDA:24,6,0,0
BRDA:24,6,1,4
BRDA:24,7,0,4
BRDA:24,7,1,4
BRDA:28,8,0,0
BRDA:28,8,1,0
BRDA:28,9,0,0
BRDA:28,9,1,0
BRDA:32,10,0,0
BRDA:32,10,1,0
BRDA:32,11,0,0
BRDA:32,11,1,0
BRF:20
BRH:6
end_of_record
TN:
SF:tests/integration/factories/createRecomendation.ts
FN:6,recommendation
FN:14,wrongNameSchemaRecommendation
FN:22,wrongLinkSchemaRecommendation
FN:30,createRecomendation
FN:41,recommendationBody
FN:54,createAtLeastTenRecomendations
FN:70,createRecomendationsWithRandomScores
FN:88,sortByGreaterScores
FN:89,(anonymous_19)
FN:93,(anonymous_20)
FN:93,(anonymous_21)
FNF:11
FNH:8
FNDA:2,recommendation
FNDA:0,wrongNameSchemaRecommendation
FNDA:0,wrongLinkSchemaRecommendation
FNDA:0,createRecomendation
FNDA:5,recommendationBody
FNDA:1,createAtLeastTenRecomendations
FNDA:3,createRecomendationsWithRandomScores
FNDA:3,sortByGreaterScores
FNDA:162,(anonymous_19)
FNDA:1,(anonymous_20)
FNDA:1,(anonymous_21)
DA:7,2
DA:11,2
DA:15,0
DA:19,0
DA:23,0
DA:27,0
DA:31,0
DA:38,0
DA:42,5
DA:51,5
DA:55,1
DA:56,1
DA:57,11
DA:63,11
DA:66,1
DA:71,3
DA:72,3
DA:73,54
DA:80,54
DA:82,3
DA:84,3
DA:89,162
DA:93,1
DA:94,1
LF:24
LH:18
BRDA:89,0,0,81
BRDA:89,0,1,81
BRF:2
BRH:2
end_of_record
TN:
SF:tests/integration/factories/deleteAllData.ts
FN:3,deleteAllData
FNF:1
FNH:1
FNDA:14,deleteAllData
DA:4,14
LF:1
LH:1
BRF:0
BRH:0
end_of_record
